mode: set
github.com/unsafesystems/cachaca/authentication.go:23.105,28.2 1 1
github.com/unsafesystems/cachaca/authentication.go:37.102,44.8 3 1
github.com/unsafesystems/cachaca/authentication.go:44.8,45.55 1 0
github.com/unsafesystems/cachaca/authentication.go:45.55,47.4 1 0
github.com/unsafesystems/cachaca/authentication.go:50.2,51.16 2 1
github.com/unsafesystems/cachaca/authentication.go:51.16,53.17 2 1
github.com/unsafesystems/cachaca/authentication.go:53.17,57.4 2 1
github.com/unsafesystems/cachaca/authentication.go:59.3,59.74 1 1
github.com/unsafesystems/cachaca/authentication.go:59.74,63.4 2 0
github.com/unsafesystems/cachaca/authentication.go:65.3,65.38 1 1
github.com/unsafesystems/cachaca/authentication.go:68.2,68.71 1 1
github.com/unsafesystems/cachaca/authentication.go:68.71,70.3 1 1
github.com/unsafesystems/cachaca/authentication.go:72.2,72.73 1 1
github.com/unsafesystems/cachaca/authentication.go:75.98,77.2 1 1
github.com/unsafesystems/cachaca/authentication.go:79.100,81.2 1 1
github.com/unsafesystems/cachaca/server.go:57.30,58.31 1 1
github.com/unsafesystems/cachaca/server.go:58.31,62.3 2 1
github.com/unsafesystems/cachaca/server.go:67.34,68.31 1 1
github.com/unsafesystems/cachaca/server.go:68.31,72.3 2 1
github.com/unsafesystems/cachaca/server.go:76.49,77.31 1 0
github.com/unsafesystems/cachaca/server.go:77.31,81.3 2 0
github.com/unsafesystems/cachaca/server.go:85.52,86.31 1 0
github.com/unsafesystems/cachaca/server.go:86.31,90.3 2 0
github.com/unsafesystems/cachaca/server.go:94.44,95.31 1 0
github.com/unsafesystems/cachaca/server.go:95.31,99.3 2 0
github.com/unsafesystems/cachaca/server.go:104.43,105.31 1 1
github.com/unsafesystems/cachaca/server.go:105.31,109.3 2 1
github.com/unsafesystems/cachaca/server.go:113.49,117.27 2 1
github.com/unsafesystems/cachaca/server.go:117.27,118.37 1 1
github.com/unsafesystems/cachaca/server.go:118.37,120.4 1 1
github.com/unsafesystems/cachaca/server.go:123.2,123.24 1 1
github.com/unsafesystems/cachaca/server.go:123.24,141.3 6 1
github.com/unsafesystems/cachaca/server.go:143.2,143.54 1 1
github.com/unsafesystems/cachaca/server.go:143.54,145.3 1 1
github.com/unsafesystems/cachaca/server.go:147.2,147.24 1 1
github.com/unsafesystems/cachaca/server.go:147.24,149.50 2 1
github.com/unsafesystems/cachaca/server.go:149.50,151.4 1 1
github.com/unsafesystems/cachaca/server.go:154.2,154.26 1 1
github.com/unsafesystems/cachaca/server.go:154.26,156.3 1 1
github.com/unsafesystems/cachaca/server.go:158.2,158.20 1 1
github.com/unsafesystems/cachaca/server.go:161.84,163.2 1 1
github.com/unsafesystems/cachaca/server.go:165.33,185.2 5 1
github.com/unsafesystems/cachaca/server.go:187.49,203.2 1 1
github.com/unsafesystems/cachaca/server.go:205.52,209.2 2 0
github.com/unsafesystems/cachaca/server.go:214.76,216.2 1 0
github.com/unsafesystems/cachaca/server.go:220.73,221.35 1 1
github.com/unsafesystems/cachaca/server.go:221.35,222.96 1 1
github.com/unsafesystems/cachaca/server.go:222.96,226.4 2 0
github.com/unsafesystems/cachaca/server.go:228.3,228.73 1 1
github.com/unsafesystems/cachaca/server.go:228.73,232.4 2 1
github.com/unsafesystems/cachaca/server.go:236.2,236.29 1 1
github.com/unsafesystems/cachaca/server.go:241.104,243.2 1 1
github.com/unsafesystems/cachaca/server.go:246.53,247.18 1 1
github.com/unsafesystems/cachaca/server.go:247.18,264.3 3 1
github.com/unsafesystems/cachaca/server.go:266.2,269.47 3 0
github.com/unsafesystems/cachaca/pkg/logger/gin.go:21.36,23.2 1 1
github.com/unsafesystems/cachaca/pkg/logger/gin.go:25.54,26.32 1 1
github.com/unsafesystems/cachaca/pkg/logger/gin.go:26.32,29.28 2 0
github.com/unsafesystems/cachaca/pkg/logger/gin.go:29.28,31.19 2 0
github.com/unsafesystems/cachaca/pkg/logger/gin.go:31.19,33.5 1 0
github.com/unsafesystems/cachaca/pkg/logger/gin.go:38.31,39.32 1 1
github.com/unsafesystems/cachaca/pkg/logger/gin.go:39.32,50.16 5 0
github.com/unsafesystems/cachaca/pkg/logger/gin.go:50.16,52.4 1 0
github.com/unsafesystems/cachaca/pkg/logger/gin.go:54.3,55.16 2 0
github.com/unsafesystems/cachaca/pkg/logger/gin.go:55.16,57.4 1 0
github.com/unsafesystems/cachaca/pkg/logger/gin.go:59.3,68.19 2 0
github.com/unsafesystems/cachaca/pkg/logger/gin.go:72.32,75.9 2 1
github.com/unsafesystems/cachaca/pkg/logger/gin.go:76.100,77.21 1 0
github.com/unsafesystems/cachaca/pkg/logger/gin.go:78.57,79.22 1 0
github.com/unsafesystems/cachaca/pkg/logger/gin.go:80.10,81.21 1 1
github.com/unsafesystems/cachaca/pkg/logger/gin.go:84.2,89.19 1 1
github.com/unsafesystems/cachaca/pkg/logger/http.go:10.39,12.2 1 0
github.com/unsafesystems/cachaca/pkg/logger/http.go:16.55,21.2 3 0
