mode: set
github.com/unsafesystems/cachaca/auth/mtls/mtls.go:35.91,40.2 1 1
github.com/unsafesystems/cachaca/auth/mtls/mtls.go:43.67,53.2 3 1
github.com/unsafesystems/cachaca/auth/mtls/mtls.go:57.91,59.8 2 1
github.com/unsafesystems/cachaca/auth/mtls/mtls.go:59.8,60.55 1 1
github.com/unsafesystems/cachaca/auth/mtls/mtls.go:60.55,62.4 1 1
github.com/unsafesystems/cachaca/auth/mtls/mtls.go:65.2,65.42 1 1
github.com/unsafesystems/cachaca/auth/mtls/mtls.go:70.69,72.16 2 1
github.com/unsafesystems/cachaca/auth/mtls/mtls.go:72.16,74.3 1 1
github.com/unsafesystems/cachaca/auth/mtls/mtls.go:76.2,77.22 2 1
github.com/unsafesystems/cachaca/auth/mtls/mtls.go:77.22,81.3 2 1
github.com/unsafesystems/cachaca/auth/mtls/mtls.go:83.2,83.37 1 0
github.com/unsafesystems/cachaca/authentication.go:22.61,23.23 1 1
github.com/unsafesystems/cachaca/authentication.go:23.23,27.3 2 1
github.com/unsafesystems/cachaca/authentication.go:29.2,31.3 1 1
github.com/unsafesystems/cachaca/authentication.go:34.54,36.16 2 1
github.com/unsafesystems/cachaca/authentication.go:36.16,41.3 3 1
github.com/unsafesystems/cachaca/authentication.go:44.83,46.16 2 1
github.com/unsafesystems/cachaca/authentication.go:46.16,50.3 2 1
github.com/unsafesystems/cachaca/authentication.go:52.2,52.17 1 1
github.com/unsafesystems/cachaca/authentication.go:55.75,57.2 1 1
github.com/unsafesystems/cachaca/authentication.go:59.77,61.2 1 1
github.com/unsafesystems/cachaca/options.go:17.48,21.2 2 1
github.com/unsafesystems/cachaca/options.go:24.31,26.2 1 1
github.com/unsafesystems/cachaca/options.go:30.47,34.2 2 1
github.com/unsafesystems/cachaca/options.go:38.30,40.2 1 1
github.com/unsafesystems/cachaca/options.go:46.48,50.2 2 1
github.com/unsafesystems/cachaca/options.go:53.52,55.2 1 1
github.com/unsafesystems/cachaca/options.go:59.56,63.2 2 1
github.com/unsafesystems/cachaca/options.go:67.43,69.2 1 1
github.com/unsafesystems/cachaca/options.go:75.50,79.2 2 1
github.com/unsafesystems/cachaca/options.go:83.59,85.2 1 1
github.com/unsafesystems/cachaca/server.go:54.49,66.27 5 1
github.com/unsafesystems/cachaca/server.go:66.27,67.43 1 1
github.com/unsafesystems/cachaca/server.go:67.43,69.4 1 1
github.com/unsafesystems/cachaca/server.go:73.2,76.24 3 1
github.com/unsafesystems/cachaca/server.go:76.24,92.3 5 1
github.com/unsafesystems/cachaca/server.go:94.2,94.54 1 1
github.com/unsafesystems/cachaca/server.go:94.54,96.3 1 1
github.com/unsafesystems/cachaca/server.go:98.2,98.31 1 1
github.com/unsafesystems/cachaca/server.go:98.31,100.3 1 1
github.com/unsafesystems/cachaca/server.go:102.2,102.26 1 1
github.com/unsafesystems/cachaca/server.go:102.26,108.3 1 1
github.com/unsafesystems/cachaca/server.go:110.2,110.20 1 1
github.com/unsafesystems/cachaca/server.go:113.84,115.2 1 1
github.com/unsafesystems/cachaca/server.go:117.52,121.2 2 1
github.com/unsafesystems/cachaca/server.go:126.76,128.2 1 1
github.com/unsafesystems/cachaca/server.go:132.73,133.35 1 1
github.com/unsafesystems/cachaca/server.go:133.35,134.96 1 1
github.com/unsafesystems/cachaca/server.go:134.96,138.4 2 1
github.com/unsafesystems/cachaca/server.go:140.3,140.73 1 1
github.com/unsafesystems/cachaca/server.go:140.73,144.4 2 1
github.com/unsafesystems/cachaca/server.go:148.2,148.36 1 1
github.com/unsafesystems/cachaca/server.go:153.104,155.2 1 1
github.com/unsafesystems/cachaca/server.go:158.53,159.24 1 1
github.com/unsafesystems/cachaca/server.go:159.24,164.3 3 1
github.com/unsafesystems/cachaca/server.go:166.2,169.47 3 1
github.com/unsafesystems/cachaca/auth/auth.go:18.48,19.27 1 1
github.com/unsafesystems/cachaca/auth/auth.go:20.20,23.10 2 1
github.com/unsafesystems/cachaca/auth/auth.go:23.10,25.4 1 1
github.com/unsafesystems/cachaca/auth/auth.go:27.3,29.28 2 1
github.com/unsafesystems/cachaca/auth/auth.go:30.23,33.19 2 1
github.com/unsafesystems/cachaca/auth/auth.go:34.10,35.20 1 1
github.com/unsafesystems/cachaca/auth/auth.go:39.64,40.27 1 1
github.com/unsafesystems/cachaca/auth/auth.go:41.20,44.13 2 1
github.com/unsafesystems/cachaca/auth/auth.go:45.23,48.13 2 1
github.com/unsafesystems/cachaca/auth/auth.go:49.10,50.13 1 1
github.com/unsafesystems/cachaca/auth/nop/nop.go:14.34,16.2 1 1
github.com/unsafesystems/cachaca/auth/nop/nop.go:19.91,21.2 1 1
github.com/unsafesystems/cachaca/auth/nop/nop.go:24.67,26.2 1 1
github.com/unsafesystems/cachaca/auth/oidc/credentials.go:27.68,29.16 2 1
github.com/unsafesystems/cachaca/auth/oidc/credentials.go:29.16,31.3 1 1
github.com/unsafesystems/cachaca/auth/oidc/credentials.go:33.2,34.16 2 1
github.com/unsafesystems/cachaca/auth/oidc/credentials.go:34.16,36.3 1 0
github.com/unsafesystems/cachaca/auth/oidc/credentials.go:38.2,38.12 1 1
github.com/unsafesystems/cachaca/auth/oidc/credentials.go:41.73,43.21 2 1
github.com/unsafesystems/cachaca/auth/oidc/credentials.go:43.21,45.3 1 1
github.com/unsafesystems/cachaca/auth/oidc/credentials.go:47.2,48.16 2 1
github.com/unsafesystems/cachaca/auth/oidc/credentials.go:48.16,50.3 1 1
github.com/unsafesystems/cachaca/auth/oidc/credentials.go:52.2,54.21 2 1
github.com/unsafesystems/cachaca/auth/oidc/credentials.go:57.58,59.16 2 0
github.com/unsafesystems/cachaca/auth/oidc/credentials.go:59.16,61.3 1 0
github.com/unsafesystems/cachaca/auth/oidc/credentials.go:63.2,63.45 1 0
github.com/unsafesystems/cachaca/auth/oidc/credentials.go:63.45,65.3 1 0
github.com/unsafesystems/cachaca/auth/oidc/credentials.go:67.2,67.12 1 0
github.com/unsafesystems/cachaca/auth/oidc/credentials.go:74.53,76.2 1 1
github.com/unsafesystems/cachaca/auth/oidc/credentials.go:87.111,89.16 2 1
github.com/unsafesystems/cachaca/auth/oidc/credentials.go:89.16,91.3 1 0
github.com/unsafesystems/cachaca/auth/oidc/credentials.go:95.2,96.16 2 1
github.com/unsafesystems/cachaca/auth/oidc/credentials.go:96.16,98.3 1 0
github.com/unsafesystems/cachaca/auth/oidc/credentials.go:100.2,109.16 3 1
github.com/unsafesystems/cachaca/auth/oidc/credentials.go:109.16,111.3 1 0
github.com/unsafesystems/cachaca/auth/oidc/credentials.go:113.2,113.21 1 1
github.com/unsafesystems/cachaca/auth/oidc/credentials.go:116.57,117.46 1 1
github.com/unsafesystems/cachaca/auth/oidc/credentials.go:117.46,120.17 2 0
github.com/unsafesystems/cachaca/auth/oidc/credentials.go:120.17,122.4 1 0
github.com/unsafesystems/cachaca/auth/oidc/credentials.go:124.3,125.20 2 0
github.com/unsafesystems/cachaca/auth/oidc/credentials.go:129.2,129.45 1 1
github.com/unsafesystems/cachaca/auth/oidc/credentials.go:129.45,131.3 1 1
github.com/unsafesystems/cachaca/auth/oidc/credentials.go:133.2,133.34 1 1
github.com/unsafesystems/cachaca/auth/oidc/credentials.go:133.34,135.3 1 0
github.com/unsafesystems/cachaca/auth/oidc/credentials.go:138.2,139.8 2 1
github.com/unsafesystems/cachaca/auth/oidc/credentials.go:139.8,141.3 1 1
github.com/unsafesystems/cachaca/auth/oidc/credentials.go:143.2,143.24 1 1
github.com/unsafesystems/cachaca/auth/oidc/credentials.go:143.24,150.17 2 1
github.com/unsafesystems/cachaca/auth/oidc/credentials.go:150.17,152.4 1 0
github.com/unsafesystems/cachaca/auth/oidc/credentials.go:154.3,154.29 1 1
github.com/unsafesystems/cachaca/auth/oidc/credentials.go:158.2,158.32 1 1
github.com/unsafesystems/cachaca/auth/oidc/credentials.go:158.32,160.3 1 1
github.com/unsafesystems/cachaca/auth/oidc/credentials.go:163.2,164.16 2 1
github.com/unsafesystems/cachaca/auth/oidc/credentials.go:164.16,166.3 1 0
github.com/unsafesystems/cachaca/auth/oidc/credentials.go:168.2,171.12 3 1
github.com/unsafesystems/cachaca/auth/oidc/credentials.go:175.19,176.19 1 1
github.com/unsafesystems/cachaca/auth/oidc/credentials.go:176.19,178.3 1 1
github.com/unsafesystems/cachaca/auth/oidc/credentials.go:180.2,181.31 2 1
github.com/unsafesystems/cachaca/auth/oidc/credentials.go:181.31,183.3 1 1
github.com/unsafesystems/cachaca/auth/oidc/credentials.go:185.2,196.21 3 1
github.com/unsafesystems/cachaca/auth/oidc/credentials.go:196.21,198.17 2 1
github.com/unsafesystems/cachaca/auth/oidc/credentials.go:198.17,200.4 1 0
github.com/unsafesystems/cachaca/auth/oidc/credentials.go:202.3,202.20 1 1
github.com/unsafesystems/cachaca/auth/oidc/credentials.go:202.20,204.4 1 1
github.com/unsafesystems/cachaca/auth/oidc/credentials.go:207.2,208.16 2 1
github.com/unsafesystems/cachaca/auth/oidc/credentials.go:208.16,210.3 1 0
github.com/unsafesystems/cachaca/auth/oidc/credentials.go:212.2,212.39 1 1
github.com/unsafesystems/cachaca/auth/oidc/credentials.go:212.39,214.3 1 0
github.com/unsafesystems/cachaca/auth/oidc/credentials.go:216.2,216.19 1 1
github.com/unsafesystems/cachaca/auth/oidc/oidc.go:68.77,70.16 2 1
github.com/unsafesystems/cachaca/auth/oidc/oidc.go:70.16,71.13 1 1
github.com/unsafesystems/cachaca/auth/oidc/oidc.go:74.2,84.79 1 1
github.com/unsafesystems/cachaca/auth/oidc/oidc.go:84.79,86.4 1 1
github.com/unsafesystems/cachaca/auth/oidc/oidc.go:89.2,89.27 1 1
github.com/unsafesystems/cachaca/auth/oidc/oidc.go:89.27,91.3 1 1
github.com/unsafesystems/cachaca/auth/oidc/oidc.go:93.2,93.19 1 1
github.com/unsafesystems/cachaca/auth/oidc/oidc.go:100.95,101.44 1 1
github.com/unsafesystems/cachaca/auth/oidc/oidc.go:101.44,102.66 1 1
github.com/unsafesystems/cachaca/auth/oidc/oidc.go:105.2,105.60 1 1
github.com/unsafesystems/cachaca/auth/oidc/oidc.go:105.60,106.66 1 0
github.com/unsafesystems/cachaca/auth/oidc/oidc.go:111.2,111.35 1 1
github.com/unsafesystems/cachaca/auth/oidc/oidc.go:111.35,113.3 1 1
github.com/unsafesystems/cachaca/auth/oidc/oidc.go:115.2,116.58 2 1
github.com/unsafesystems/cachaca/auth/oidc/oidc.go:119.67,131.2 7 1
github.com/unsafesystems/cachaca/auth/oidc/oidc.go:135.62,139.9 3 1
github.com/unsafesystems/cachaca/auth/oidc/oidc.go:139.9,143.3 2 1
github.com/unsafesystems/cachaca/auth/oidc/oidc.go:147.2,148.16 2 1
github.com/unsafesystems/cachaca/auth/oidc/oidc.go:148.16,152.3 2 0
github.com/unsafesystems/cachaca/auth/oidc/oidc.go:154.2,155.16 2 1
github.com/unsafesystems/cachaca/auth/oidc/oidc.go:155.16,159.3 2 0
github.com/unsafesystems/cachaca/auth/oidc/oidc.go:162.2,162.64 1 1
github.com/unsafesystems/cachaca/auth/oidc/oidc.go:165.65,169.9 3 1
github.com/unsafesystems/cachaca/auth/oidc/oidc.go:169.9,173.3 2 1
github.com/unsafesystems/cachaca/auth/oidc/oidc.go:175.2,175.30 1 1
github.com/unsafesystems/cachaca/auth/oidc/oidc.go:175.30,180.3 3 1
github.com/unsafesystems/cachaca/auth/oidc/oidc.go:182.2,183.16 2 1
github.com/unsafesystems/cachaca/auth/oidc/oidc.go:183.16,187.3 2 1
github.com/unsafesystems/cachaca/auth/oidc/oidc.go:189.2,190.16 2 1
github.com/unsafesystems/cachaca/auth/oidc/oidc.go:190.16,194.3 2 0
github.com/unsafesystems/cachaca/auth/oidc/oidc.go:196.2,196.31 1 1
github.com/unsafesystems/cachaca/auth/oidc/oidc.go:196.31,198.17 2 1
github.com/unsafesystems/cachaca/auth/oidc/oidc.go:198.17,202.4 2 0
github.com/unsafesystems/cachaca/auth/oidc/oidc.go:205.2,206.16 2 1
github.com/unsafesystems/cachaca/auth/oidc/oidc.go:206.16,210.3 2 0
github.com/unsafesystems/cachaca/auth/oidc/oidc.go:213.2,214.19 2 1
github.com/unsafesystems/cachaca/auth/oidc/oidc.go:214.19,216.3 1 1
github.com/unsafesystems/cachaca/auth/oidc/oidc.go:218.2,221.44 3 1
github.com/unsafesystems/cachaca/auth/oidc/oidc.go:224.63,226.16 2 1
github.com/unsafesystems/cachaca/auth/oidc/oidc.go:226.16,230.3 2 1
github.com/unsafesystems/cachaca/auth/oidc/oidc.go:232.2,233.9 2 1
github.com/unsafesystems/cachaca/auth/oidc/oidc.go:233.9,237.3 2 0
github.com/unsafesystems/cachaca/auth/oidc/oidc.go:239.2,239.31 1 1
github.com/unsafesystems/cachaca/auth/oidc/oidc.go:239.31,241.17 2 1
github.com/unsafesystems/cachaca/auth/oidc/oidc.go:241.17,245.4 2 0
github.com/unsafesystems/cachaca/auth/oidc/oidc.go:248.2,250.34 3 1
github.com/unsafesystems/cachaca/auth/oidc/oidc.go:254.91,256.16 2 0
github.com/unsafesystems/cachaca/auth/oidc/oidc.go:256.16,258.3 1 0
github.com/unsafesystems/cachaca/auth/oidc/oidc.go:260.2,261.16 2 0
github.com/unsafesystems/cachaca/auth/oidc/oidc.go:261.16,263.3 1 0
github.com/unsafesystems/cachaca/auth/oidc/oidc.go:266.2,266.30 1 0
github.com/unsafesystems/cachaca/auth/oidc/oidc.go:266.30,269.3 2 0
github.com/unsafesystems/cachaca/auth/oidc/oidc.go:271.2,271.50 1 0
github.com/unsafesystems/cachaca/auth/oidc/oidc.go:275.69,279.46 3 1
github.com/unsafesystems/cachaca/auth/oidc/oidc.go:279.46,281.3 1 1
github.com/unsafesystems/cachaca/auth/oidc/oidc.go:283.2,284.16 2 1
github.com/unsafesystems/cachaca/auth/oidc/oidc.go:284.16,286.3 1 1
github.com/unsafesystems/cachaca/auth/oidc/oidc.go:288.2,288.17 1 1
github.com/unsafesystems/cachaca/auth/oidc/oidc.go:288.17,290.3 1 1
github.com/unsafesystems/cachaca/auth/oidc/oidc.go:292.2,293.16 2 1
github.com/unsafesystems/cachaca/auth/oidc/oidc.go:293.16,295.3 1 0
github.com/unsafesystems/cachaca/auth/oidc/oidc.go:298.2,298.30 1 1
github.com/unsafesystems/cachaca/auth/oidc/oidc.go:298.30,301.3 2 1
github.com/unsafesystems/cachaca/auth/oidc/oidc.go:303.2,305.12 2 1
github.com/unsafesystems/cachaca/auth/oidc/oidc.go:310.112,314.16 3 1
github.com/unsafesystems/cachaca/auth/oidc/oidc.go:314.16,316.3 1 0
github.com/unsafesystems/cachaca/auth/oidc/oidc.go:318.2,319.9 2 1
github.com/unsafesystems/cachaca/auth/oidc/oidc.go:319.9,321.3 1 0
github.com/unsafesystems/cachaca/auth/oidc/oidc.go:324.2,326.17 1 1
github.com/unsafesystems/cachaca/auth/oidc/oidc.go:326.17,333.3 1 1
github.com/unsafesystems/cachaca/auth/oidc/oidc.go:336.2,336.31 1 1
github.com/unsafesystems/cachaca/auth/oidc/oidc.go:336.31,338.3 1 0
github.com/unsafesystems/cachaca/auth/oidc/oidc.go:341.2,342.16 2 1
github.com/unsafesystems/cachaca/auth/oidc/oidc.go:342.16,344.3 1 0
github.com/unsafesystems/cachaca/auth/oidc/oidc.go:346.2,349.16 3 1
github.com/unsafesystems/cachaca/auth/oidc/oidc.go:349.16,351.3 1 0
github.com/unsafesystems/cachaca/auth/oidc/oidc.go:353.2,354.16 2 1
github.com/unsafesystems/cachaca/auth/oidc/oidc.go:354.16,356.3 1 0
github.com/unsafesystems/cachaca/auth/oidc/oidc.go:358.2,359.16 2 1
github.com/unsafesystems/cachaca/auth/oidc/oidc.go:359.16,361.3 1 0
github.com/unsafesystems/cachaca/auth/oidc/oidc.go:363.2,368.8 1 1
github.com/unsafesystems/cachaca/auth/oidc/options.go:12.52,13.22 1 1
github.com/unsafesystems/cachaca/auth/oidc/options.go:13.22,15.3 1 1
github.com/unsafesystems/cachaca/auth/oidc/options.go:17.2,17.25 1 1
github.com/unsafesystems/cachaca/auth/oidc/options.go:17.25,19.3 1 1
github.com/unsafesystems/cachaca/auth/oidc/options.go:21.2,21.23 1 1
github.com/unsafesystems/cachaca/auth/oidc/options.go:21.23,23.3 1 1
github.com/unsafesystems/cachaca/auth/oidc/options.go:25.2,25.22 1 1
github.com/unsafesystems/cachaca/auth/oidc/options.go:25.22,27.3 1 1
github.com/unsafesystems/cachaca/auth/oidc/options.go:29.2,29.24 1 1
github.com/unsafesystems/cachaca/auth/oidc/options.go:29.24,31.3 1 1
github.com/unsafesystems/cachaca/auth/oidc/options.go:34.38,38.2 1 1
github.com/unsafesystems/cachaca/auth/oidc/options.go:40.41,44.2 1 1
github.com/unsafesystems/cachaca/auth/oidc/options.go:46.39,50.2 1 1
github.com/unsafesystems/cachaca/auth/oidc/options.go:52.38,56.2 1 1
github.com/unsafesystems/cachaca/auth/oidc/options.go:58.40,62.2 1 1
github.com/unsafesystems/cachaca/auth/oidc/options.go:68.62,69.28 1 1
github.com/unsafesystems/cachaca/auth/oidc/options.go:69.28,71.3 1 1
github.com/unsafesystems/cachaca/auth/oidc/options.go:74.66,78.2 1 1
github.com/unsafesystems/cachaca/auth/oidc/options.go:84.56,85.22 1 0
github.com/unsafesystems/cachaca/auth/oidc/options.go:85.22,87.3 1 0
github.com/unsafesystems/cachaca/auth/oidc/options.go:90.42,94.2 1 0
github.com/unsafesystems/cachaca/auth/oidc/storage.go:25.40,29.2 1 1
github.com/unsafesystems/cachaca/auth/oidc/storage.go:31.84,32.43 1 1
github.com/unsafesystems/cachaca/auth/oidc/storage.go:32.43,36.17 3 1
github.com/unsafesystems/cachaca/auth/oidc/storage.go:36.17,38.4 1 0
github.com/unsafesystems/cachaca/auth/oidc/storage.go:40.3,40.18 1 1
github.com/unsafesystems/cachaca/auth/oidc/storage.go:43.2,43.25 1 1
github.com/unsafesystems/cachaca/auth/oidc/storage.go:46.72,48.16 2 1
github.com/unsafesystems/cachaca/auth/oidc/storage.go:48.16,50.3 1 0
github.com/unsafesystems/cachaca/auth/oidc/storage.go:52.2,54.12 2 1
github.com/unsafesystems/cachaca/auth/oidc/storage.go:57.75,61.2 2 1
github.com/unsafesystems/cachaca/auth/oidc/storage.go:68.87,73.2 1 1
github.com/unsafesystems/cachaca/auth/oidc/storage.go:75.85,79.24 3 1
github.com/unsafesystems/cachaca/auth/oidc/storage.go:79.24,80.38 1 1
github.com/unsafesystems/cachaca/auth/oidc/storage.go:80.38,82.4 1 1
github.com/unsafesystems/cachaca/auth/oidc/storage.go:84.3,84.65 1 0
github.com/unsafesystems/cachaca/auth/oidc/storage.go:87.2,90.16 3 1
github.com/unsafesystems/cachaca/auth/oidc/storage.go:90.16,92.3 1 0
github.com/unsafesystems/cachaca/auth/oidc/storage.go:94.2,94.20 1 1
github.com/unsafesystems/cachaca/auth/oidc/storage.go:97.73,99.16 2 1
github.com/unsafesystems/cachaca/auth/oidc/storage.go:99.16,101.3 1 0
github.com/unsafesystems/cachaca/auth/oidc/storage.go:103.2,106.24 3 1
github.com/unsafesystems/cachaca/auth/oidc/storage.go:106.24,108.3 1 0
github.com/unsafesystems/cachaca/auth/oidc/storage.go:110.2,110.12 1 1
github.com/unsafesystems/cachaca/auth/oidc/storage.go:113.76,117.24 3 1
github.com/unsafesystems/cachaca/auth/oidc/storage.go:117.24,119.3 1 0
github.com/unsafesystems/cachaca/auth/oidc/storage.go:121.2,121.12 1 1
github.com/unsafesystems/cachaca/auth/oidc/util.go:36.49,38.16 2 1
github.com/unsafesystems/cachaca/auth/oidc/util.go:38.16,40.3 1 0
github.com/unsafesystems/cachaca/auth/oidc/util.go:42.2,46.8 1 1
github.com/unsafesystems/cachaca/auth/oidc/util.go:49.100,51.16 2 1
github.com/unsafesystems/cachaca/auth/oidc/util.go:51.16,53.3 1 1
github.com/unsafesystems/cachaca/auth/oidc/util.go:55.2,59.16 4 1
github.com/unsafesystems/cachaca/auth/oidc/util.go:59.16,61.3 1 0
github.com/unsafesystems/cachaca/auth/oidc/util.go:63.2,68.16 2 1
github.com/unsafesystems/cachaca/auth/oidc/util.go:68.16,70.3 1 0
github.com/unsafesystems/cachaca/auth/oidc/util.go:72.2,72.57 1 1
github.com/unsafesystems/cachaca/auth/oidc/util.go:72.57,74.3 1 0
github.com/unsafesystems/cachaca/auth/oidc/util.go:76.2,76.25 1 1
github.com/unsafesystems/cachaca/auth/oidc/util.go:79.73,91.16 3 1
github.com/unsafesystems/cachaca/auth/oidc/util.go:91.16,93.3 1 0
github.com/unsafesystems/cachaca/auth/oidc/util.go:95.2,98.12 2 1
github.com/unsafesystems/cachaca/auth/oidc/util.go:101.63,102.22 1 1
github.com/unsafesystems/cachaca/auth/oidc/util.go:102.22,106.3 2 1
github.com/unsafesystems/cachaca/auth/oidc/util.go:110.2,110.18 1 1
github.com/unsafesystems/cachaca/auth/oidc/util.go:110.18,116.3 2 1
github.com/unsafesystems/cachaca/auth/oidc/util.go:118.2,118.44 1 1
github.com/unsafesystems/cachaca/auth/oidc/util.go:121.55,126.16 4 1
github.com/unsafesystems/cachaca/auth/oidc/util.go:126.16,128.3 1 0
github.com/unsafesystems/cachaca/auth/oidc/util.go:130.2,130.55 1 1
github.com/unsafesystems/cachaca/auth/oidc/util.go:133.37,137.2 2 1
github.com/unsafesystems/cachaca/auth/oidc/util.go:139.55,142.19 2 1
github.com/unsafesystems/cachaca/auth/oidc/util.go:142.19,144.3 1 1
github.com/unsafesystems/cachaca/auth/oidc/util.go:146.2,146.19 1 1
github.com/unsafesystems/cachaca/auth/oidc/util.go:149.80,151.16 2 1
github.com/unsafesystems/cachaca/auth/oidc/util.go:151.16,153.3 1 1
github.com/unsafesystems/cachaca/auth/oidc/util.go:155.2,155.26 1 1
github.com/unsafesystems/cachaca/auth/oidc/util.go:155.26,157.3 1 0
github.com/unsafesystems/cachaca/auth/oidc/util.go:159.2,160.47 2 1
github.com/unsafesystems/cachaca/auth/oidc/util.go:160.47,162.3 1 1
github.com/unsafesystems/cachaca/auth/oidc/util.go:164.2,165.16 2 1
github.com/unsafesystems/cachaca/auth/oidc/util.go:165.16,167.3 1 1
github.com/unsafesystems/cachaca/auth/oidc/util.go:169.2,169.12 1 1
github.com/unsafesystems/cachaca/internal/logger/gin.go:23.62,25.21 2 1
github.com/unsafesystems/cachaca/internal/logger/gin.go:25.21,27.3 1 1
github.com/unsafesystems/cachaca/internal/logger/gin.go:29.2,29.32 1 1
github.com/unsafesystems/cachaca/internal/logger/gin.go:29.32,37.16 6 1
github.com/unsafesystems/cachaca/internal/logger/gin.go:37.16,39.4 1 1
github.com/unsafesystems/cachaca/internal/logger/gin.go:41.3,52.19 2 1
github.com/unsafesystems/cachaca/internal/logger/gin.go:56.32,58.16 2 1
github.com/unsafesystems/cachaca/internal/logger/gin.go:58.16,60.3 1 0
github.com/unsafesystems/cachaca/internal/logger/gin.go:62.2,64.9 2 1
github.com/unsafesystems/cachaca/internal/logger/gin.go:65.100,66.21 1 1
github.com/unsafesystems/cachaca/internal/logger/gin.go:67.57,68.22 1 1
github.com/unsafesystems/cachaca/internal/logger/gin.go:69.10,70.21 1 1
github.com/unsafesystems/cachaca/internal/logger/gin.go:73.2,79.19 1 1
github.com/unsafesystems/cachaca/internal/logger/http.go:11.64,16.21 2 1
github.com/unsafesystems/cachaca/internal/logger/http.go:16.21,18.3 1 1
github.com/unsafesystems/cachaca/internal/logger/http.go:20.2,20.35 1 1
github.com/unsafesystems/cachaca/internal/logger/http.go:27.56,32.2 3 1
